0 verbose cli C:\Program Files\nodejs\node.exe C:\Program Files\nodejs\node_modules\npm\bin\npm-cli.js
1 info using npm@10.9.2
2 info using node@v23.9.0
3 silly config load:file:C:\Program Files\nodejs\node_modules\npm\npmrc
4 silly config load:file:D:\SEM  VII\MAJOR\RepoMind\MiindAI\.npmrc
5 silly config load:file:C:\Users\Prabhakar Y Dickonda\.npmrc
6 silly config load:file:C:\Users\Prabhakar Y Dickonda\AppData\Roaming\npm\etc\npmrc
7 verbose title npm run db:push
8 verbose argv "run" "db:push"
9 verbose logfile logs-max:10 dir:C:\Users\Prabhakar Y Dickonda\AppData\Local\npm-cache\_logs\2025-09-03T18_15_50_518Z-
10 verbose logfile C:\Users\Prabhakar Y Dickonda\AppData\Local\npm-cache\_logs\2025-09-03T18_15_50_518Z-debug-0.log
11 silly logfile start cleaning logs, removing 1 files
12 silly logfile done cleaning log files
13 verbose stack Error: Missing script: "db:push"
13 verbose stack
13 verbose stack To see a list of scripts, run:
13 verbose stack   npm run
13 verbose stack     at #run (C:\Program Files\nodejs\node_modules\npm\lib\commands\run-script.js:111:13)
13 verbose stack     at async RunScript.exec (C:\Program Files\nodejs\node_modules\npm\lib\commands\run-script.js:40:7)
13 verbose stack     at async Npm.exec (C:\Program Files\nodejs\node_modules\npm\lib\npm.js:207:9)
13 verbose stack     at async module.exports (C:\Program Files\nodejs\node_modules\npm\lib\cli\entry.js:74:5)
14 error Missing script: "db:push"
14 error
14 error To see a list of scripts, run:
14 error   npm run
15 verbose cwd D:\SEM  VII\MAJOR\RepoMind\MiindAI
16 verbose os Windows_NT 10.0.26100
17 verbose node v23.9.0
18 verbose npm  v10.9.2
19 verbose exit 1
20 verbose code 1
21 error A complete log of this run can be found in: C:\Users\Prabhakar Y Dickonda\AppData\Local\npm-cache\_logs\2025-09-03T18_15_50_518Z-debug-0.log
